<?xml version="1.0" encoding="UTF-8"?>
<!-- Generated by org.testng.reporters.JUnitReportReporter -->
<testsuite skipped="0" hostname="DLLA1421" name="Testing.BTest" tests="1" failures="0" timestamp="18 Feb 2019 10:07:21 GMT" time="0.013" errors="0">
  <testcase name="test2" time="0.013" classname="Testing.BTest"/>
</testsuite> <!-- Testing.BTest -->
