<?xml version="1.0" encoding="UTF-8"?>
<!-- Generated by org.testng.reporters.JUnitReportReporter -->
<testsuite skipped="0" hostname="DLLA1421" name="Testing.ATest" tests="2" failures="0" timestamp="18 Feb 2019 10:07:21 GMT" time="0.007" errors="0">
  <testcase name="test1" time="0.001" classname="Testing.ATest"/>
  <testcase name="test1" time="0.006" classname="Testing.ATest"/>
</testsuite> <!-- Testing.ATest -->
