<?xml version="1.0" encoding="UTF-8"?>
<!-- Generated by org.testng.reporters.JUnitReportReporter -->
<testsuite hostname="DLLA1421" name="Testing.BTest" tests="1" failures="0" timestamp="18 Feb 2019 09:21:21 GMT" time="0.015" errors="0">
  <testcase name="test2" time="0.015" classname="Testing.BTest"/>
</testsuite> <!-- Testing.BTest -->
